<?xml version="1.0" encoding="UTF-8"?>
<testsuite xmlns:xsi="http://www.w3.org/2001/XMLSchema-instance" xsi:noNamespaceSchemaLocation="https://maven.apache.org/surefire/maven-surefire-plugin/xsd/surefire-test-report.xsd" version="3.0.2" name="org.example.catalog.web.BookRestControllerSpringBootTest" time="1.94" tests="1" errors="0" skipped="0" failures="0">
  <properties>
[...]
</properties>
  <testcase name="testSearchBooks_WithKeywords" classname="org.example.catalog.web.BookRestControllerSpringBootTest" time="0.132">
    <system-out><![CDATA[2025-01-29T20:07:24.377+01:00  INFO 73201 --- [catalog] [           main] [                                                 ] t.c.s.AnnotationConfigContextLoaderUtils : Could not detect default configuration classes for test class [org.example.catalog.web.BookRestControllerSpringBootTest]: BookRestControllerSpringBootTest does not declare any static, non-private, non-final, nested classes annotated with @Configuration.
2025-01-29T20:07:24.379+01:00  INFO 73201 --- [catalog] [           main] [                                                 ] .b.t.c.SpringBootTestContextBootstrapper : Found @SpringBootConfiguration org.example.catalog.CatalogApplication for test class org.example.catalog.web.BookRestControllerSpringBootTest

  .   ____          _            __ _ _
 /\\ / ___'_ __ _ _(_)_ __  __ _ \ \ \ \
( ( )\___ | '_ | '_| | '_ \/ _` | \ \ \ \
 \\/  ___)| |_)| | | | | || (_| |  ) ) ) )
  '  |____| .__|_| |_|_| |_\__, | / / / /
 =========|_|==============|___/=/_/_/_/

 :: Spring Boot ::                (v3.4.0)

2025-01-29T20:07:24.406+01:00  INFO 73201 --- [catalog] [           main] [                                                 ] o.e.c.w.BookRestControllerSpringBootTest : Starting BookRestControllerSpringBootTest using Java 23.0.2 with PID 73201 (started by Furkan in /Users/Furkan/IdeaProjects/Catalog)
2025-01-29T20:07:24.406+01:00  INFO 73201 --- [catalog] [           main] [                                                 ] o.e.c.w.BookRestControllerSpringBootTest : No active profile set, falling back to 1 default profile: "default"
2025-01-29T20:07:24.533+01:00  INFO 73201 --- [catalog] [           main] [                                                 ] .s.d.r.c.RepositoryConfigurationDelegate : Bootstrapping Spring Data JPA repositories in DEFAULT mode.
2025-01-29T20:07:24.539+01:00  INFO 73201 --- [catalog] [           main] [                                                 ] .s.d.r.c.RepositoryConfigurationDelegate : Finished Spring Data repository scanning in 4 ms. Found 1 JPA repository interface.
2025-01-29T20:07:24.694+01:00  INFO 73201 --- [catalog] [           main] [                                                 ] o.s.b.w.embedded.tomcat.TomcatWebServer  : Tomcat initialized with port 0 (http)
2025-01-29T20:07:24.705+01:00  INFO 73201 --- [catalog] [           main] [                                                 ] o.apache.catalina.core.StandardService   : Starting service [Tomcat]
2025-01-29T20:07:24.705+01:00  INFO 73201 --- [catalog] [           main] [                                                 ] o.apache.catalina.core.StandardEngine    : Starting Servlet engine: [Apache Tomcat/10.1.33]
2025-01-29T20:07:24.740+01:00  INFO 73201 --- [catalog] [           main] [                                                 ] o.a.c.c.C.[Tomcat].[localhost].[/]       : Initializing Spring embedded WebApplicationContext
2025-01-29T20:07:24.740+01:00  INFO 73201 --- [catalog] [           main] [                                                 ] w.s.c.ServletWebServerApplicationContext : Root WebApplicationContext: initialization completed in 334 ms
2025-01-29T20:07:24.831+01:00  INFO 73201 --- [catalog] [           main] [                                                 ] tc.postgres:latest                       : Creating container for image: postgres:latest
2025-01-29T20:07:24.875+01:00  INFO 73201 --- [catalog] [           main] [                                                 ] tc.postgres:latest                       : Container postgres:latest is starting: ef88284fbca7ee07815ba55cde95ddf23c223c538cb8d62b224e5d3eb4f117d2
2025-01-29T20:07:25.569+01:00  INFO 73201 --- [catalog] [           main] [                                                 ] tc.postgres:latest                       : Container postgres:latest started in PT0.738064S
2025-01-29T20:07:25.569+01:00  INFO 73201 --- [catalog] [           main] [                                                 ] tc.postgres:latest                       : Container is started (JDBC URL: jdbc:postgresql://localhost:59317/test?loggerLevel=OFF)
2025-01-29T20:07:25.609+01:00  INFO 73201 --- [catalog] [           main] [                                                 ] o.hibernate.jpa.internal.util.LogHelper  : HHH000204: Processing PersistenceUnitInfo [name: default]
2025-01-29T20:07:25.610+01:00  INFO 73201 --- [catalog] [           main] [                                                 ] o.h.c.internal.RegionFactoryInitiator    : HHH000026: Second-level cache disabled
2025-01-29T20:07:25.614+01:00  INFO 73201 --- [catalog] [           main] [                                                 ] o.s.o.j.p.SpringPersistenceUnitInfo      : No LoadTimeWeaver setup: ignoring JPA class transformer
2025-01-29T20:07:25.615+01:00  INFO 73201 --- [catalog] [           main] [                                                 ] com.zaxxer.hikari.HikariDataSource       : HikariPool-3 - Starting...
2025-01-29T20:07:25.623+01:00  INFO 73201 --- [catalog] [           main] [                                                 ] com.zaxxer.hikari.pool.HikariPool        : HikariPool-3 - Added connection org.postgresql.jdbc.PgConnection@3a7c0f5e
2025-01-29T20:07:25.624+01:00  INFO 73201 --- [catalog] [           main] [                                                 ] com.zaxxer.hikari.HikariDataSource       : HikariPool-3 - Start completed.
2025-01-29T20:07:25.625+01:00  WARN 73201 --- [catalog] [           main] [                                                 ] org.hibernate.orm.deprecation            : HHH90000025: PostgreSQLDialect does not need to be specified explicitly using 'hibernate.dialect' (remove the property setting and it will be selected by default)
2025-01-29T20:07:25.627+01:00  INFO 73201 --- [catalog] [           main] [                                                 ] org.hibernate.orm.connections.pooling    : HHH10001005: Database info:
	Database JDBC URL [Connecting through datasource 'HikariDataSource (HikariPool-3)']
	Database driver: undefined/unknown
	Database version: 17.2
	Autocommit mode: undefined/unknown
	Isolation level: undefined/unknown
	Minimum pool size: undefined/unknown
	Maximum pool size: undefined/unknown
2025-01-29T20:07:25.643+01:00  INFO 73201 --- [catalog] [           main] [                                                 ] o.h.e.t.j.p.i.JtaPlatformInitiator       : HHH000489: No JTA platform available (set 'hibernate.transaction.jta.platform' to enable JTA platform integration)
Hibernate: create table books (isbn varchar(255) not null, author varchar(255), description varchar(255), title varchar(255), primary key (isbn))
2025-01-29T20:07:25.650+01:00  INFO 73201 --- [catalog] [           main] [                                                 ] j.LocalContainerEntityManagerFactoryBean : Initialized JPA EntityManagerFactory for persistence unit 'default'
2025-01-29T20:07:25.730+01:00  WARN 73201 --- [catalog] [           main] [                                                 ] JpaBaseConfiguration$JpaWebConfiguration : spring.jpa.open-in-view is enabled by default. Therefore, database queries may be performed during view rendering. Explicitly configure spring.jpa.open-in-view to disable this warning
2025-01-29T20:07:26.133+01:00  INFO 73201 --- [catalog] [           main] [                                                 ] o.s.b.a.e.web.EndpointLinksResolver      : Exposing 26 endpoints beneath base path '/actuator'
2025-01-29T20:07:26.179+01:00  INFO 73201 --- [catalog] [           main] [                                                 ] o.s.b.w.embedded.tomcat.TomcatWebServer  : Tomcat started on port 59328 (http) with context path '/'
2025-01-29T20:07:26.182+01:00  INFO 73201 --- [catalog] [           main] [                                                 ] o.e.c.w.BookRestControllerSpringBootTest : Started BookRestControllerSpringBootTest in 1.787 seconds (process running for 9.965)
Hibernate: select b1_0.isbn,b1_0.author,b1_0.description,b1_0.title from books b1_0
Hibernate: delete from books where isbn=?
Hibernate: delete from books where isbn=?
Hibernate: delete from books where isbn=?
Hibernate: select b1_0.isbn,b1_0.author,b1_0.description,b1_0.title from books b1_0 where b1_0.isbn=?
Hibernate: insert into books (author,description,title,isbn) values (?,?,?,?)
Hibernate: select b1_0.isbn,b1_0.author,b1_0.description,b1_0.title from books b1_0 where b1_0.isbn=?
Hibernate: insert into books (author,description,title,isbn) values (?,?,?,?)
Hibernate: select b1_0.isbn,b1_0.author,b1_0.description,b1_0.title from books b1_0
Books in database: 2
2025-01-29T20:07:26.267+01:00  INFO 73201 --- [catalog] [o-auto-1-exec-1] [                                                 ] o.a.c.c.C.[Tomcat].[localhost].[/]       : Initializing Spring DispatcherServlet 'dispatcherServlet'
2025-01-29T20:07:26.267+01:00  INFO 73201 --- [catalog] [o-auto-1-exec-1] [                                                 ] o.s.web.servlet.DispatcherServlet        : Initializing Servlet 'dispatcherServlet'
2025-01-29T20:07:26.268+01:00  INFO 73201 --- [catalog] [o-auto-1-exec-1] [                                                 ] o.s.web.servlet.DispatcherServlet        : Completed initialization in 1 ms
Hibernate: select b1_0.isbn,b1_0.author,b1_0.description,b1_0.title from books b1_0 where lower(b1_0.title) like lower(('%'||?||'%')) escape '' or lower(b1_0.description) like lower(('%'||?||'%')) escape '' or lower(b1_0.author) like lower(('%'||?||'%')) escape ''
]]></system-out>
  </testcase>
</testsuite>